2021-12-22 10:07:17,320 - INFO - Logger is set
2021-12-22 10:08:16,066 - INFO - Logger is set
2021-12-22 10:08:23,325 - INFO - Initialized!
2021-12-22 10:08:23,326 - INFO - MSV is started
2021-12-22 10:08:23,326 - INFO - @1 Test [1442]  with 0-0
2021-12-22 10:08:23,327 - DEBUG - 1442 -i 0-0
2021-12-22 10:09:58,401 - INFO - Logger is set
2021-12-22 10:09:58,995 - INFO - Initialized!
2021-12-22 10:09:58,995 - INFO - MSV is started
2021-12-22 10:09:58,995 - INFO - @1 Test [1442]  with 0-0
2021-12-22 10:09:58,995 - DEBUG - 1442 -i 0-0
2021-12-22 10:10:37,062 - INFO - Logger is set
2021-12-22 10:10:37,640 - INFO - Initialized!
2021-12-22 10:10:37,641 - INFO - MSV is started
2021-12-22 10:10:37,641 - INFO - @1 Test [1442]  with 0-0
2021-12-22 10:10:37,641 - DEBUG - 1442 -i 0-0
2021-12-22 10:10:37,642 - DEBUG - 1442
2021-12-22 10:10:37,642 - DEBUG - Profile: 1442-0-0
2021-12-22 10:37:23,229 - INFO - Logger is set
2021-12-22 10:37:23,229 - WARNING - MSV-SEARCH: /root/project/MSV/MSV-search/msv-search.py -o out -t 60000 -w /root/project/MSV/build/php-case-efcb9a71/php-efcb9a71-workdir -p /root/project/MSV -m prophet
2021-12-22 10:39:33,051 - INFO - Logger is set
2021-12-22 10:39:33,051 - WARNING - MSV-SEARCH: /root/project/MSV/MSV-search/msv-search.py -o out -t 60000 -w /root/project/MSV/build/php-case-efcb9a71/php-efcb9a71-workdir -p /root/project/MSV -m prophet
2021-12-22 10:39:33,628 - INFO - Initialized!
2021-12-22 10:39:33,628 - INFO - MSV is started
2021-12-22 10:39:33,628 - WARNING - @1 Test [1442]  with 0-0
2021-12-22 10:39:33,628 - DEBUG - 1442 -i 0-0
2021-12-22 10:41:13,092 - INFO - Logger is set
2021-12-22 10:41:13,092 - WARNING - MSV-SEARCH: /root/project/MSV/MSV-search/msv-search.py -o out -t 60000 -w /root/project/MSV/build/php-case-efcb9a71/php-efcb9a71-workdir -p /root/project/MSV -m prophet -- /root/project/MSV/tools/php-test.py /root/project/MSV/build/php-case-efcb9a71/php-efcb9a71-workdir/src /root/project/MSV/build/php-case-efcb9a71/php-efcb9a71-workdir/tests /root/project/MSV/build/php-case-efcb9a71/php-efcb9a71-workdir
2021-12-22 10:41:13,705 - INFO - Initialized!
2021-12-22 10:41:13,705 - INFO - MSV is started
2021-12-22 10:41:13,705 - WARNING - @1 Test [1442]  with 0-0
2021-12-22 10:41:13,705 - DEBUG - /root/project/MSV/tools/php-test.py -i 0-0 /root/project/MSV/build/php-case-efcb9a71/php-efcb9a71-workdir/src /root/project/MSV/build/php-case-efcb9a71/php-efcb9a71-workdir/tests /root/project/MSV/build/php-case-efcb9a71/php-efcb9a71-workdir 1442
2021-12-22 10:41:15,163 - INFO - Result: FAIL
2021-12-22 10:43:13,518 - INFO - Logger is set
2021-12-22 10:43:13,519 - WARNING - MSV-SEARCH: /root/project/MSV/MSV-search/msv-search.py -o out -t 60000 -w /root/project/MSV/build/php-case-efcb9a71/php-efcb9a71-workdir -p /root/project/MSV -m prophet -- /root/project/MSV/tools/php-test.py /root/project/MSV/build/php-case-efcb9a71/php-efcb9a71-workdir/src /root/project/MSV/build/php-case-efcb9a71/php-efcb9a71-workdir/tests /root/project/MSV/build/php-case-efcb9a71/php-efcb9a71-workdir
2021-12-22 10:43:14,084 - INFO - Initialized!
2021-12-22 10:43:14,084 - INFO - MSV is started
2021-12-22 10:43:14,084 - WARNING - @1 Test [1442]  with 0-0
2021-12-22 10:43:14,084 - DEBUG - /root/project/MSV/tools/php-test.py -i 0-0 /root/project/MSV/build/php-case-efcb9a71/php-efcb9a71-workdir/src /root/project/MSV/build/php-case-efcb9a71/php-efcb9a71-workdir/tests /root/project/MSV/build/php-case-efcb9a71/php-efcb9a71-workdir 1442
2021-12-22 10:43:15,663 - INFO - Result: FAIL
2021-12-22 10:45:00,478 - INFO - Logger is set
2021-12-22 10:45:00,479 - WARNING - MSV-SEARCH: /root/project/MSV/MSV-search/msv-search.py -o out -t 60000 -w /root/project/MSV/build/php-case-efcb9a71/php-efcb9a71-workdir -p /root/project/MSV -m prophet -- /root/project/MSV/tools/php-test.py /root/project/MSV/build/php-case-efcb9a71/php-efcb9a71-workdir/src /root/project/MSV/build/php-case-efcb9a71/php-efcb9a71-workdir/tests /root/project/MSV/build/php-case-efcb9a71/php-efcb9a71-workdir
2021-12-22 10:45:01,092 - INFO - Initialized!
2021-12-22 10:45:01,092 - INFO - MSV is started
2021-12-22 10:45:01,092 - WARNING - @1 Test [1442]  with 0-0
2021-12-22 10:45:01,093 - DEBUG - /root/project/MSV/tools/php-test.py -i 0-0 /root/project/MSV/build/php-case-efcb9a71/php-efcb9a71-workdir/src /root/project/MSV/build/php-case-efcb9a71/php-efcb9a71-workdir/tests /root/project/MSV/build/php-case-efcb9a71/php-efcb9a71-workdir 1442
2021-12-22 10:45:02,428 - INFO - Result: FAIL
2021-12-22 10:46:21,794 - INFO - Logger is set
2021-12-22 10:46:21,794 - WARNING - MSV-SEARCH: /root/project/MSV/MSV-search/msv-search.py -o out -t 60000 -w /root/project/MSV/build/php-case-efcb9a71/php-efcb9a71-workdir -p /root/project/MSV -m prophet -- /root/project/MSV/tools/php-test.py /root/project/MSV/build/php-case-efcb9a71/php-efcb9a71-workdir/src /root/project/MSV/build/php-case-efcb9a71/php-efcb9a71-workdir/tests /root/project/MSV/build/php-case-efcb9a71/php-efcb9a71-workdir
2021-12-22 10:46:22,377 - INFO - Initialized!
2021-12-22 10:46:22,377 - INFO - MSV is started
2021-12-22 10:46:22,378 - WARNING - @1 Test [1442]  with 0-0
2021-12-22 10:46:22,378 - DEBUG - /root/project/MSV/tools/php-test.py -i 0-0 /root/project/MSV/build/php-case-efcb9a71/php-efcb9a71-workdir/src /root/project/MSV/build/php-case-efcb9a71/php-efcb9a71-workdir/tests /root/project/MSV/build/php-case-efcb9a71/php-efcb9a71-workdir 1442
2021-12-22 10:46:24,023 - INFO - Result: FAIL
2021-12-22 10:46:55,300 - INFO - Logger is set
2021-12-22 10:46:55,301 - WARNING - MSV-SEARCH: /root/project/MSV/MSV-search/msv-search.py -o out -t 60000 -w /root/project/MSV/build/php-case-efcb9a71/php-efcb9a71-workdir -p /root/project/MSV -m prophet -- /root/project/MSV/tools/php-test.py /root/project/MSV/build/php-case-efcb9a71/php-efcb9a71-workdir/src /root/project/MSV/build/php-case-efcb9a71/php-efcb9a71-workdir/tests /root/project/MSV/build/php-case-efcb9a71/php-efcb9a71-workdir
2021-12-22 10:46:55,900 - INFO - Initialized!
2021-12-22 10:46:55,900 - INFO - MSV is started
2021-12-22 10:46:55,900 - WARNING - @1 Test [1442]  with 0-0
2021-12-22 10:46:55,900 - DEBUG - /root/project/MSV/tools/php-test.py -i 0-0 /root/project/MSV/build/php-case-efcb9a71/php-efcb9a71-workdir/src /root/project/MSV/build/php-case-efcb9a71/php-efcb9a71-workdir/tests /root/project/MSV/build/php-case-efcb9a71/php-efcb9a71-workdir 1442
2021-12-22 10:46:57,096 - INFO - Result: FAIL
2021-12-22 10:48:26,084 - INFO - Logger is set
2021-12-22 10:48:26,085 - WARNING - MSV-SEARCH: /root/project/MSV/MSV-search/msv-search.py -o out -t 60000 -w /root/project/MSV/build/php-case-efcb9a71/php-efcb9a71-workdir -p /root/project/MSV -m prophet -- /root/project/MSV/tools/php-test.py /root/project/MSV/build/php-case-efcb9a71/php-efcb9a71-workdir/src /root/project/MSV/build/php-case-efcb9a71/php-efcb9a71-workdir/tests /root/project/MSV/build/php-case-efcb9a71/php-efcb9a71-workdir
2021-12-22 10:48:26,626 - INFO - Initialized!
2021-12-22 10:48:26,626 - INFO - MSV is started
2021-12-22 10:48:26,627 - WARNING - @1 Test [1442]  with 0-0
2021-12-22 10:48:26,627 - DEBUG - /root/project/MSV/tools/php-test.py -i 0-0 /root/project/MSV/build/php-case-efcb9a71/php-efcb9a71-workdir/src /root/project/MSV/build/php-case-efcb9a71/php-efcb9a71-workdir/tests /root/project/MSV/build/php-case-efcb9a71/php-efcb9a71-workdir 1442
2021-12-22 10:48:27,800 - INFO - Result: FAIL
2021-12-22 10:48:49,916 - INFO - Logger is set
2021-12-22 10:48:49,917 - WARNING - MSV-SEARCH: /root/project/MSV/MSV-search/msv-search.py -o out -t 60000 -w /root/project/MSV/build/php-case-efcb9a71/php-efcb9a71-workdir -p /root/project/MSV -m prophet -- /root/project/MSV/tools/php-test.py /root/project/MSV/build/php-case-efcb9a71/php-efcb9a71-workdir/src /root/project/MSV/build/php-case-efcb9a71/php-efcb9a71-workdir/tests /root/project/MSV/build/php-case-efcb9a71/php-efcb9a71-workdir
2021-12-22 10:48:50,514 - INFO - Initialized!
2021-12-22 10:48:50,514 - INFO - MSV is started
2021-12-22 10:48:50,514 - WARNING - @1 Test [1442]  with 0-0
2021-12-22 10:48:50,515 - DEBUG - /root/project/MSV/tools/php-test.py -i 0-0 /root/project/MSV/build/php-case-efcb9a71/php-efcb9a71-workdir/src /root/project/MSV/build/php-case-efcb9a71/php-efcb9a71-workdir/tests /root/project/MSV/build/php-case-efcb9a71/php-efcb9a71-workdir 1442
2021-12-22 10:48:51,834 - INFO - Result: FAIL
2021-12-22 10:49:22,124 - INFO - Logger is set
2021-12-22 10:49:22,124 - WARNING - MSV-SEARCH: /root/project/MSV/MSV-search/msv-search.py -o out -t 60000 -w /root/project/MSV/build/php-case-efcb9a71/php-efcb9a71-workdir -p /root/project/MSV -m prophet -- /root/project/MSV/tools/php-test.py /root/project/MSV/build/php-case-efcb9a71/php-efcb9a71-workdir/src /root/project/MSV/build/php-case-efcb9a71/php-efcb9a71-workdir/tests /root/project/MSV/build/php-case-efcb9a71/php-efcb9a71-workdir
2021-12-22 10:49:22,737 - INFO - Initialized!
2021-12-22 10:49:22,737 - INFO - MSV is started
2021-12-22 10:49:22,737 - WARNING - @1 Test [1442]  with 0-0
2021-12-22 10:49:22,737 - DEBUG - /root/project/MSV/tools/php-test.py -i 0-0 /root/project/MSV/build/php-case-efcb9a71/php-efcb9a71-workdir/src /root/project/MSV/build/php-case-efcb9a71/php-efcb9a71-workdir/tests /root/project/MSV/build/php-case-efcb9a71/php-efcb9a71-workdir 1442
2021-12-22 10:49:24,096 - INFO - Result: FAIL
2021-12-22 10:50:00,756 - INFO - Logger is set
2021-12-22 10:50:00,757 - WARNING - MSV-SEARCH: /root/project/MSV/MSV-search/msv-search.py -o out -t 60000 -w /root/project/MSV/build/php-case-efcb9a71/php-efcb9a71-workdir -p /root/project/MSV -m prophet -- /root/project/MSV/tools/php-test.py /root/project/MSV/build/php-case-efcb9a71/php-efcb9a71-workdir/src /root/project/MSV/build/php-case-efcb9a71/php-efcb9a71-workdir/tests /root/project/MSV/build/php-case-efcb9a71/php-efcb9a71-workdir
2021-12-22 10:50:01,410 - INFO - Initialized!
2021-12-22 10:50:01,410 - INFO - MSV is started
2021-12-22 10:50:01,411 - WARNING - @1 Test [1442]  with [<core.PatchInfo object at 0x7f23b0665208>]
2021-12-22 10:50:01,411 - DEBUG - /root/project/MSV/tools/php-test.py -i 0-0 /root/project/MSV/build/php-case-efcb9a71/php-efcb9a71-workdir/src /root/project/MSV/build/php-case-efcb9a71/php-efcb9a71-workdir/tests /root/project/MSV/build/php-case-efcb9a71/php-efcb9a71-workdir 1442
2021-12-22 10:50:02,742 - INFO - Result: FAIL
2021-12-22 10:50:05,537 - WARNING - @2 Test [1442]  with 351-49
2021-12-22 10:50:22,104 - INFO - Logger is set
2021-12-22 10:50:22,105 - WARNING - MSV-SEARCH: /root/project/MSV/MSV-search/msv-search.py -o out -t 60000 -w /root/project/MSV/build/php-case-efcb9a71/php-efcb9a71-workdir -p /root/project/MSV -m prophet -- /root/project/MSV/tools/php-test.py /root/project/MSV/build/php-case-efcb9a71/php-efcb9a71-workdir/src /root/project/MSV/build/php-case-efcb9a71/php-efcb9a71-workdir/tests /root/project/MSV/build/php-case-efcb9a71/php-efcb9a71-workdir
2021-12-22 10:50:22,692 - INFO - Initialized!
2021-12-22 10:50:22,692 - INFO - MSV is started
2021-12-22 10:50:22,692 - WARNING - @1 Test [1442]  with [<core.PatchInfo object at 0x7fcf3e6f0208>]
2021-12-22 10:51:17,811 - INFO - Logger is set
2021-12-22 10:51:17,811 - WARNING - MSV-SEARCH: /root/project/MSV/MSV-search/msv-search.py -o out -t 60000 -w /root/project/MSV/build/php-case-efcb9a71/php-efcb9a71-workdir -p /root/project/MSV -m prophet -- /root/project/MSV/tools/php-test.py /root/project/MSV/build/php-case-efcb9a71/php-efcb9a71-workdir/src /root/project/MSV/build/php-case-efcb9a71/php-efcb9a71-workdir/tests /root/project/MSV/build/php-case-efcb9a71/php-efcb9a71-workdir
2021-12-22 10:51:18,444 - INFO - Initialized!
2021-12-22 10:51:18,444 - INFO - MSV is started
2021-12-22 10:51:18,445 - WARNING - @1 Test [1442]  with [<core.PatchInfo object at 0x7f264d91d208>]
2021-12-22 10:51:18,445 - DEBUG - [ ' / r o o t / p r o j e c t / M S V / t o o l s / p h p - t e s t . p y ' ,   ' - i ' ,   [ < c o r e . P a t c h I n f o   o b j e c t   a t   0 x 7 f 2 6 4 d 9 1 d 2 0 8 > ] ,   ' / r o o t / p r o j e c t / M S V / b u i l d / p h p - c a s e - e f c b 9 a 7 1 / p h p - e f c b 9 a 7 1 - w o r k d i r / s r c ' ,   ' / r o o t / p r o j e c t / M S V / b u i l d / p h p - c a s e - e f c b 9 a 7 1 / p h p - e f c b 9 a 7 1 - w o r k d i r / t e s t s ' ,   ' / r o o t / p r o j e c t / M S V / b u i l d / p h p - c a s e - e f c b 9 a 7 1 / p h p - e f c b 9 a 7 1 - w o r k d i r ' ,   ' 1 4 4 2 ' ]
2021-12-22 11:02:31,313 - INFO - Logger is set
2021-12-22 11:02:31,314 - WARNING - MSV-SEARCH: /root/project/MSV/MSV-search/msv-search.py -o out -t 60000 -w /root/project/MSV/build/php-case-efcb9a71/php-efcb9a71-workdir -p /root/project/MSV -m prophet -- /root/project/MSV/tools/php-test.py /root/project/MSV/build/php-case-efcb9a71/php-efcb9a71-workdir/src /root/project/MSV/build/php-case-efcb9a71/php-efcb9a71-workdir/tests /root/project/MSV/build/php-case-efcb9a71/php-efcb9a71-workdir
2021-12-22 11:02:31,745 - INFO - Initialized!
2021-12-22 11:02:31,746 - INFO - MSV is started
2021-12-22 11:02:31,746 - WARNING - @1 Test [1442]  with [<core.PatchInfo object at 0x7f7a0f8fbdf0>]
2021-12-22 11:02:31,746 - DEBUG - [ ' / r o o t / p r o j e c t / M S V / t o o l s / p h p - t e s t . p y ' ,   ' - i ' ,   [ < c o r e . P a t c h I n f o   o b j e c t   a t   0 x 7 f 7 a 0 f 8 f b d f 0 > ] ,   ' / r o o t / p r o j e c t / M S V / b u i l d / p h p - c a s e - e f c b 9 a 7 1 / p h p - e f c b 9 a 7 1 - w o r k d i r / s r c ' ,   ' / r o o t / p r o j e c t / M S V / b u i l d / p h p - c a s e - e f c b 9 a 7 1 / p h p - e f c b 9 a 7 1 - w o r k d i r / t e s t s ' ,   ' / r o o t / p r o j e c t / M S V / b u i l d / p h p - c a s e - e f c b 9 a 7 1 / p h p - e f c b 9 a 7 1 - w o r k d i r ' ,   ' 1 4 4 2 ' ]
2021-12-22 11:04:54,810 - INFO - Logger is set
2021-12-22 11:04:54,810 - WARNING - MSV-SEARCH: /root/project/MSV/MSV-search/msv-search.py -o out -t 60000 -w /root/project/MSV/build/php-case-efcb9a71/php-efcb9a71-workdir -p /root/project/MSV -m prophet -- /root/project/MSV/tools/php-test.py /root/project/MSV/build/php-case-efcb9a71/php-efcb9a71-workdir/src /root/project/MSV/build/php-case-efcb9a71/php-efcb9a71-workdir/tests /root/project/MSV/build/php-case-efcb9a71/php-efcb9a71-workdir
2021-12-22 11:04:55,261 - INFO - Initialized!
2021-12-22 11:04:55,262 - INFO - MSV is started
2021-12-22 11:04:55,262 - WARNING - @1 Test [1442]  with [<core.PatchInfo object at 0x7f117ef26880>]
2021-12-22 11:06:21,850 - INFO - Logger is set
2021-12-22 11:06:21,851 - WARNING - MSV-SEARCH: /root/project/MSV/MSV-search/msv-search.py -o out -t 60000 -w /root/project/MSV/build/php-case-efcb9a71/php-efcb9a71-workdir -p /root/project/MSV -m prophet -- /root/project/MSV/tools/php-test.py /root/project/MSV/build/php-case-efcb9a71/php-efcb9a71-workdir/src /root/project/MSV/build/php-case-efcb9a71/php-efcb9a71-workdir/tests /root/project/MSV/build/php-case-efcb9a71/php-efcb9a71-workdir
2021-12-22 11:06:22,267 - INFO - Initialized!
2021-12-22 11:06:22,267 - INFO - MSV is started
2021-12-22 11:06:22,267 - WARNING - @1 Test [1442]  with 0-0
2021-12-22 11:06:22,267 - DEBUG - /root/project/MSV/tools/php-test.py -i 0-0 /root/project/MSV/build/php-case-efcb9a71/php-efcb9a71-workdir/src /root/project/MSV/build/php-case-efcb9a71/php-efcb9a71-workdir/tests /root/project/MSV/build/php-case-efcb9a71/php-efcb9a71-workdir 1442
2021-12-22 11:06:23,330 - INFO - Result: FAIL
2021-12-22 11:06:23,331 - DEBUG - Profile: 1442-0-0
2021-12-22 11:06:25,764 - WARNING - @2 Test [1442]  with 351-49
2021-12-22 11:06:25,765 - DEBUG - /root/project/MSV/tools/php-test.py -i 351-49 /root/project/MSV/build/php-case-efcb9a71/php-efcb9a71-workdir/src /root/project/MSV/build/php-case-efcb9a71/php-efcb9a71-workdir/tests /root/project/MSV/build/php-case-efcb9a71/php-efcb9a71-workdir 1442
2021-12-22 11:06:26,863 - INFO - Result: FAIL
2021-12-22 11:06:29,019 - WARNING - @3 Test [1442]  with 351-49
2021-12-22 11:06:29,019 - DEBUG - /root/project/MSV/tools/php-test.py -i 351-49 /root/project/MSV/build/php-case-efcb9a71/php-efcb9a71-workdir/src /root/project/MSV/build/php-case-efcb9a71/php-efcb9a71-workdir/tests /root/project/MSV/build/php-case-efcb9a71/php-efcb9a71-workdir 1442
2021-12-22 11:06:30,000 - INFO - Result: FAIL
2021-12-22 11:06:31,310 - WARNING - @4 Test [1442]  with 351-49
2021-12-22 11:06:31,311 - DEBUG - /root/project/MSV/tools/php-test.py -i 351-49 /root/project/MSV/build/php-case-efcb9a71/php-efcb9a71-workdir/src /root/project/MSV/build/php-case-efcb9a71/php-efcb9a71-workdir/tests /root/project/MSV/build/php-case-efcb9a71/php-efcb9a71-workdir 1442
2021-12-22 11:06:32,347 - INFO - Result: FAIL
