[52940] Finish run Closure-25 with 0
Closure-25 ended in 4875.208220243454s
gen Closure-29 using core 2
[54762] Finish run Closure-26 with 0
Closure-26 ended in 3458.9332571029663s
gen Closure-30 using core 1
[55814] Finish run Closure-27 with 0
Closure-27 ended in 4415.907914161682s
gen Closure-31 using core 3
[57134] Finish run Closure-28 with 0
Closure-28 ended in 4958.973177909851s
gen Closure-32 using core 0
[58060] Finish run Closure-29 with 0
Closure-29 ended in 5119.834994316101s
gen Closure-33 using core 2
[58849] Finish run Closure-31 with 0
Closure-31 ended in 3034.937084674835s
gen Closure-34 using core 3
[59965] Finish run Closure-30 with 0
Closure-30 ended in 5203.336512565613s
gen Closure-35 using core 1
[61541] Finish run Closure-33 with 0
Closure-33 ended in 3481.3669209480286s
gen Closure-36 using core 2
[61628] Finish run Closure-32 with 0
Closure-32 ended in 4493.378863334656s
gen Closure-37 using core 0
[62960] Finish run Closure-34 with 0
Closure-34 ended in 4111.79610991478s
gen Closure-38 using core 3
[64111] Finish run Closure-35 with 0
Closure-35 ended in 4145.520802259445s
gen Closure-39 using core 1
[65249] Finish run Closure-37 with 0
Closure-37 ended in 3620.68509888649s
gen Closure-40 using core 0
[66479] Finish run Closure-36 with 0
Closure-36 ended in 4938.265590429306s
gen Closure-41 using core 2
[67195] Finish run Closure-38 with 0
Closure-38 ended in 4235.019053220749s
gen Closure-42 using core 3
[67594] Finish run Closure-39 with 0
Closure-39 ended in 3483.196815252304s
gen Closure-43 using core 1
[70310] Finish run Closure-40 with 0
Closure-40 ended in 5061.411631822586s
gen Closure-44 using core 0
[71001] Finish run Closure-41 with 0
Closure-41 ended in 4521.380882740021s
gen Closure-45 using core 2
[71432] Finish run Closure-43 with 0
Closure-43 ended in 3837.812029361725s
gen Closure-46 using core 1
[71668] Finish run Closure-42 with 0
Closure-42 ended in 4472.301390171051s
gen Closure-47 using core 3
[75306] Finish run Closure-46 with 0
Closure-46 ended in 3874.1635105609894s
gen Closure-48 using core 1
[75539] Finish run Closure-47 with 0
Closure-47 ended in 3871.3216841220856s
gen Closure-49 using core 3
[75547] Finish run Closure-44 with 0
Closure-44 ended in 5237.225589990616s
gen Closure-50 using core 0
[76430] Finish run Closure-45 with 0
Closure-45 ended in 5429.727199077606s
gen Closure-51 using core 2
[80031] Finish run Closure-48 with 0
Closure-48 ended in 4725.016588926315s
gen Closure-52 using core 1
[80090] Finish run Closure-49 with 0
Closure-49 ended in 4551.11593580246s
gen Closure-53 using core 3
[80572] Finish run Closure-51 with 0
Closure-51 ended in 4141.923048734665s
gen Closure-54 using core 2
[81003] Finish run Closure-50 with 0
Closure-50 ended in 5455.92867064476s
gen Closure-55 using core 0
[84863] Finish run Closure-54 with 0
Closure-54 ended in 4290.139171600342s
gen Closure-56 using core 2
[85206] Finish run Closure-53 with 0
Closure-53 ended in 5115.754710197449s
gen Closure-57 using core 3
[85613] Finish run Closure-52 with 0
Closure-52 ended in 5581.5731818675995s
gen Closure-58 using core 1
[86370] Finish run Closure-55 with 0
Closure-55 ended in 5366.792323350906s
gen Closure-59 using core 0
[88295] Finish run Closure-56 with 0
Closure-56 ended in 3432.7430617809296s
gen Closure-60 using core 2
[89403] Finish run Closure-57 with 0
Closure-57 ended in 4196.880436182022s
gen Closure-61 using core 3
[90436] Finish run Closure-58 with 0
Closure-58 ended in 4823.691358804703s
gen Closure-62 using core 1
[90448] Finish run Closure-59 with 0
Closure-59 ended in 4077.5960931777954s
gen Closure-63 using core 0
[92473] Finish run Closure-60 with 0
Closure-60 ended in 4178.113949298859s
gen Closure-64 using core 2
[93709] Finish run Closure-63 with 0
Closure-63 ended in 3261.6864337921143s
gen Closure-65 using core 0
[93806] Finish run Closure-62 with 0
Closure-62 ended in 3369.0756385326385s
gen Closure-66 using core 1
[93831] Finish run Closure-61 with 0
Closure-61 ended in 4427.81138753891s
gen Closure-67 using core 3
[96750] Finish run Closure-64 with 0
Closure-64 ended in 4276.493150472641s
gen Closure-68 using core 2
[98199] Finish run Closure-65 with 0
Closure-65 ended in 4489.6339411735535s
gen Closure-69 using core 0
[99176] Finish run Closure-66 with 0
Closure-66 ended in 5370.291728973389s
gen Closure-70 using core 1
[99186] Finish run Closure-67 with 0
Closure-67 ended in 5355.550888299942s
gen Closure-71 using core 3
[100928] Finish run Closure-68 with 0
Closure-68 ended in 4178.4535076618195s
gen Closure-72 using core 2
[102655] Finish run Closure-69 with 0
Closure-69 ended in 4456.608068227768s
gen Closure-73 using core 0
[102845] Finish run Closure-71 with 0
Closure-71 ended in 3659.1554701328278s
gen Closure-74 using core 3
[103058] Finish run Closure-70 with 0
Closure-70 ended in 3882.2159295082092s
gen Closure-75 using core 1
[106136] Finish run Closure-72 with 0
Closure-72 ended in 5207.273171424866s
gen Closure-76 using core 2
[107200] Finish run Closure-73 with 0
Closure-73 ended in 4544.532457351685s
gen Closure-77 using core 0
[107405] Finish run Closure-74 with 0
Closure-74 ended in 4559.135778903961s
gen Closure-78 using core 3
[107979] Finish run Closure-75 with 0
Closure-75 ended in 4921.281968355179s
gen Closure-79 using core 1
[111435] Finish run Closure-76 with 0
Closure-76 ended in 5299.606631278992s
gen Closure-80 using core 2
[111691] Finish run Closure-77 with 0
Closure-77 ended in 4490.900412321091s
gen Closure-81 using core 0
[112200] Finish run Closure-79 with 0
Closure-79 ended in 4220.343342065811s
gen Closure-82 using core 1
[112637] Finish run Closure-78 with 0
Closure-78 ended in 5231.9226887226105s
gen Closure-83 using core 3
[115087] Finish run Closure-83 with 0
Closure-83 ended in 2450.3089320659637s
gen Closure-84 using core 3
[115829] Finish run Closure-81 with 0
Closure-81 ended in 4138.236418008804s
gen Closure-85 using core 0
[116156] Finish run Closure-80 with 0
Closure-80 ended in 4721.190324783325s
gen Closure-86 using core 2
[116422] Finish run Closure-82 with 0
Closure-82 ended in 4221.9608743190765s
gen Closure-87 using core 1
[118834] Finish run Closure-84 with 0
Closure-84 ended in 3747.0952050685883s
gen Closure-88 using core 3
[120275] Finish run Closure-86 with 0
Closure-86 ended in 4119.001900196075s
gen Closure-89 using core 2
[120929] Finish run Closure-85 with 0
Closure-85 ended in 5100.2015290260315s
gen Closure-90 using core 0
[121556] Finish run Closure-87 with 0
Closure-87 ended in 5134.647968292236s
gen Closure-91 using core 1
[124168] Finish run Closure-88 with 0
Closure-88 ended in 5334.251743555069s
gen Closure-92 using core 3
[125071] Finish run Closure-90 with 0
Closure-90 ended in 4142.074973344803s
gen Closure-93 using core 0
[125584] Finish run Closure-89 with 0
Closure-89 ended in 5308.739538192749s
gen Closure-94 using core 2
[125873] Finish run Closure-91 with 0
Closure-91 ended in 4316.53656411171s
gen Closure-95 using core 1
[129129] Finish run Closure-92 with 0
Closure-92 ended in 4961.244050741196s
gen Closure-96 using core 3
[129749] Finish run Closure-94 with 0
Closure-94 ended in 4165.120050430298s
gen Closure-97 using core 2
[130092] Finish run Closure-93 with 0
Closure-93 ended in 5020.193036317825s
gen Closure-98 using core 0
[130378] Finish run Closure-95 with 0
Closure-95 ended in 4505.304260730743s
gen Closure-99 using core 1
[132834] Finish run Closure-96 with 0
Closure-96 ended in 3704.4278514385223s
gen Closure-100 using core 3
[133873] Finish run Closure-99 with 0
Closure-99 ended in 3494.298990011215s
gen Closure-101 using core 1
[134255] Finish run Closure-97 with 0
Closure-97 ended in 4505.278363704681s
gen Closure-102 using core 2
[135277] Finish run Closure-98 with 0
Closure-98 ended in 5184.955923080444s
gen Closure-103 using core 0
[136425] Finish run Closure-100 with 0
Closure-100 ended in 3590.959141254425s
gen Closure-104 using core 3
[138807] Finish run Closure-102 with 0
Closure-102 ended in 4552.153449773788s
gen Closure-105 using core 2
[138853] Finish run Closure-101 with 0
Closure-101 ended in 4980.160090446472s
gen Closure-106 using core 1
[139624] Finish run Closure-103 with 0
Closure-103 ended in 4347.799075126648s
gen Closure-107 using core 0
[139930] Finish run Closure-104 with 0
Closure-104 ended in 3505.3598182201385s
gen Closure-108 using core 3
[143318] Finish run Closure-106 with 0
Closure-106 ended in 4465.352251768112s
gen Closure-109 using core 1
[143355] Finish run Closure-107 with 0
Closure-107 ended in 3731.024219274521s
gen Closure-110 using core 0
[143400] Finish run Closure-105 with 0
Closure-105 ended in 4593.286327123642s
gen Closure-111 using core 2
[144447] Finish run Closure-108 with 0
Closure-108 ended in 4517.034588336945s
gen Closure-112 using core 3
[147078] Finish run Closure-110 with 0
Closure-110 ended in 3722.792325258255s
gen Closure-113 using core 0
[147628] Finish run Closure-111 with 0
Closure-111 ended in 4227.595614910126s
gen Closure-114 using core 2
[147833] Finish run Closure-109 with 0
Closure-109 ended in 4514.488435506821s
gen Closure-115 using core 1
[148465] Finish run Closure-112 with 0
Closure-112 ended in 4017.825394153595s
gen Closure-116 using core 3
[151379] Finish run Closure-115 with 0
Closure-115 ended in 3546.2384309768677s
gen Closure-117 using core 1
[151589] Finish run Closure-113 with 0
Closure-113 ended in 4510.282653093338s
gen Closure-118 using core 0
[151711] Finish run Closure-114 with 0
Closure-114 ended in 4083.090840101242s
gen Closure-119 using core 2
[152655] Finish run Closure-116 with 0
Closure-116 ended in 4189.674353599548s
gen Closure-120 using core 3
[155819] Finish run Closure-118 with 0
Closure-118 ended in 4230.616286993027s
gen Closure-121 using core 0
[155996] Finish run Closure-119 with 0
Closure-119 ended in 4285.529694318771s
gen Closure-122 using core 2
[156434] Finish run Closure-120 with 0
Closure-120 ended in 3779.356810092926s
gen Closure-123 using core 3
[156552] Finish run Closure-117 with 0
Closure-117 ended in 5173.63224697113s
gen Closure-124 using core 1
[159508] Finish run Closure-121 with 0
Closure-121 ended in 3688.9835002422333s
gen Closure-125 using core 0
[159712] Finish run Closure-122 with 0
Closure-122 ended in 3715.928782939911s
gen Closure-126 using core 2
[160851] Finish run Closure-123 with 0
Closure-123 ended in 4417.115379810333s
gen Closure-127 using core 3
[161107] Finish run Closure-124 with 0
Closure-124 ended in 4554.5629529953s
gen Closure-128 using core 1
[163734] Finish run Closure-125 with 0
Closure-125 ended in 4226.0699825286865s
gen Closure-129 using core 0
[164843] Finish run Closure-126 with 0
Closure-126 ended in 5131.1298768520355s
gen Closure-130 using core 2
[165868] Finish run Closure-128 with 0
Closure-128 ended in 4760.477378845215s
gen Closure-131 using core 1
[166050] Finish run Closure-127 with 0
Closure-127 ended in 5199.005473852158s
gen Closure-132 using core 3
[167995] Finish run Closure-129 with 0
Closure-129 ended in 4260.502596378326s
gen Closure-133 using core 0
[169708] Finish run Closure-131 with 0
Closure-131 ended in 3840.042755842209s
gen Lang-1 using core 1
[169845] Finish run Closure-130 with 0
Closure-130 ended in 5001.206807374954s
gen Lang-2 using core 2
[170585] Finish run Closure-132 with 0
Closure-132 ended in 4534.508703947067s
gen Lang-3 using core 3
[171743] Finish run Closure-133 with 0
Closure-133 ended in 3748.03856921196s
gen Lang-4 using core 0
[173703] Finish run Lang-2 with 0
Lang-2 ended in 3858.677663564682s
gen Lang-5 using core 2
[173768] Finish run Lang-4 with 0
Lang-4 ended in 2024.6717517375946s
gen Lang-6 using core 0
[175727] Finish run Lang-5 with 0
Lang-5 ended in 2023.4093022346497s
gen Lang-7 using core 2
[175920] Finish run Lang-1 with 0
Lang-1 ended in 6212.591890096664s
gen Lang-8 using core 1
[177094] Finish run Lang-3 with 0
Lang-3 ended in 6509.134604930878s
gen Lang-9 using core 3
[178248] Finish run Lang-6 with 0
Lang-6 ended in 4480.962548017502s
gen Lang-10 using core 0
[180294] Finish run Lang-8 with 0
Lang-8 ended in 4374.182678222656s
gen Lang-11 using core 1
[180750] Finish run Lang-7 with 0
Lang-7 ended in 5023.384494066238s
gen Lang-12 using core 2
[180863] Finish run Lang-9 with 0
Lang-9 ended in 3769.3068282604218s
gen Lang-13 using core 3
[181670] Finish run Lang-11 with 0
Lang-11 ended in 1375.9794671535492s
gen Lang-14 using core 1
[182503] Finish run Lang-14 with 0
Lang-14 ended in 833.0872046947479s
gen Lang-15 using core 1
[182520] Finish run Lang-10 with 0
Lang-10 ended in 4271.755906820297s
gen Lang-16 using core 0
[182891] Finish run Lang-12 with 0
Lang-12 ended in 2140.57493519783s
gen Lang-17 using core 2
[183143] Finish run Lang-13 with 0
Lang-13 ended in 2279.4801042079926s
gen Lang-18 using core 3
[185979] Finish run Lang-15 with 0
Lang-15 ended in 3475.530094385147s
gen Lang-19 using core 1
[188091] Finish run Lang-18 with 0
Lang-18 ended in 4948.433589935303s
gen Lang-20 using core 3
[188200] Finish run Lang-16 with 0
Lang-16 ended in 5679.49299955368s
gen Lang-21 using core 0
[188515] Finish run Lang-19 with 0
Lang-19 ended in 2535.658501625061s
gen Lang-22 using core 1
[188987] Finish run Lang-21 with 0
Lang-21 ended in 786.7266569137573s
gen Lang-23 using core 0
[189228] Finish run Lang-17 with 0
Lang-17 ended in 6337.3846225738525s
gen Lang-24 using core 2
[192900] Finish run Lang-23 with 0
Lang-23 ended in 3913.773454427719s
gen Lang-25 using core 0
[192909] Finish run Lang-22 with 0
Lang-22 ended in 4393.931221246719s
gen Lang-26 using core 1
[193528] Finish run Lang-24 with 0
Lang-24 ended in 4299.873340129852s
gen Lang-27 using core 2
[195522] Finish run Lang-25 with 0
Lang-25 ended in 2621.520608186722s
gen Lang-28 using core 0
[195675] Finish run Lang-20 with 0
Lang-20 ended in 7583.777600765228s
gen Lang-29 using core 3
[197234] Finish run Lang-26 with 0
Lang-26 ended in 4325.4892835617065s
gen Lang-30 using core 1
[198687] Finish run Lang-28 with 0
Lang-28 ended in 3164.93110370636s
gen Lang-31 using core 0
[199379] Finish run Lang-27 with 0
Lang-27 ended in 5851.0134353637695s
gen Lang-32 using core 2
[202834] Finish run Lang-29 with 0
Lang-29 ended in 7158.789552688599s
gen Lang-33 using core 3
[203491] Finish run Lang-32 with 0
Lang-32 ended in 4111.939421892166s
gen Lang-34 using core 2
[204641] Finish run Lang-30 with 0
Lang-30 ended in 7406.508014678955s
gen Lang-35 using core 1
[205093] Finish run Lang-31 with 0
Lang-31 ended in 6405.782025814056s
gen Lang-36 using core 0
[207071] Finish run Lang-34 with 0
Lang-34 ended in 3579.545983314514s
gen Lang-37 using core 2
[210051] Finish run Lang-35 with 0
Lang-35 ended in 5410.182349920273s
gen Lang-38 using core 1
[210487] Finish run Lang-36 with 0
Lang-36 ended in 5394.61824297905s
gen Lang-39 using core 0
[210733] Finish run Lang-33 with 0
Lang-33 ended in 7898.811965703964s
gen Lang-40 using core 3
[211596] Finish run Lang-40 with 0
Lang-40 ended in 863.4805243015289s
gen Lang-41 using core 3
[213150] Finish run Lang-37 with 0
Lang-37 ended in 6079.120434522629s
gen Lang-42 using core 2
[215344] Finish run Lang-38 with 0
Lang-38 ended in 5292.72016620636s
gen Lang-43 using core 1
[217124] Finish run Lang-42 with 0
Lang-42 ended in 3974.217734336853s
gen Lang-44 using core 2
[217294] Finish run Lang-39 with 0
Lang-39 ended in 6806.396043300629s
gen Lang-45 using core 0
[217597] Finish run Lang-41 with 0
Lang-41 ended in 6001.202475786209s
gen Lang-46 using core 3
[218004] Finish run Lang-43 with 0
Lang-43 ended in 2660.0654208660126s
gen Lang-47 using core 1
[219877] Finish run Lang-44 with 0
Lang-44 ended in 2752.9132981300354s
gen Lang-48 using core 2
[219913] Finish run Lang-46 with 0
Lang-46 ended in 2315.5387279987335s
gen Lang-49 using core 3
[220550] Finish run Lang-45 with 0
Lang-45 ended in 3256.081871032715s
gen Lang-50 using core 0
[220801] Finish run Lang-48 with 0
Lang-48 ended in 924.1831731796265s
gen Lang-51 using core 2
[221708] Finish run Lang-47 with 0
Lang-47 ended in 3704.8017654418945s
gen Lang-52 using core 1
[221986] Finish run Lang-51 with 0
Lang-51 ended in 1185.3647379875183s
gen Lang-53 using core 2
[223956] Finish run Lang-52 with 0
Lang-52 ended in 2248.004979610443s
gen Lang-54 using core 1
[224488] Finish run Lang-49 with 0
Lang-49 ended in 4574.976660966873s
gen Lang-55 using core 3
[224957] Finish run Lang-50 with 0
Lang-50 ended in 4407.510691642761s
gen Lang-56 using core 0
[226195] Finish run Lang-55 with 0
Lang-55 ended in 1707.1133015155792s
gen Lang-57 using core 3
[226407] Finish run Lang-54 with 0
Lang-54 ended in 2450.693223953247s
gen Lang-58 using core 1
[226949] Finish run Lang-57 with 0
Lang-57 ended in 754.2302384376526s
gen Lang-59 using core 3
[227348] Finish run Lang-53 with 0
Lang-53 ended in 5361.581706762314s
gen Lang-60 using core 2
[227877] Finish run Lang-56 with 0
Lang-56 ended in 2919.4647126197815s
gen Lang-61 using core 0
[228425] Finish run Lang-59 with 0
Lang-59 ended in 1475.3627181053162s
gen Lang-62 using core 3
[232245] Finish run Lang-58 with 0
Lang-58 ended in 5838.14088845253s
gen Lang-63 using core 1
[232450] Finish run Lang-60 with 0
Lang-60 ended in 5101.515407562256s
gen Lang-64 using core 2
[232948] Finish run Lang-62 with 0
Lang-62 ended in 4523.379533529282s
gen Lang-65 using core 3
[233304] Finish run Lang-61 with 0
Lang-61 ended in 5427.136132240295s
gen Math-1 using core 0
[235921] Finish run Lang-64 with 0
Lang-64 ended in 3471.2933299541473s
gen Math-2 using core 2
[236078] Finish run Lang-65 with 0
Lang-65 ended in 3130.2345566749573s
gen Math-3 using core 3
[236760] Finish run Math-1 with 0
Math-1 ended in 3455.714545726776s
gen Math-4 using core 0
[237156] Finish run Lang-63 with 0
Lang-63 ended in 4910.380674123764s
gen Math-5 using core 1
[238346] Finish run Math-3 with 0
Math-3 ended in 2268.0285506248474s
gen Math-6 using core 3
[239910] Finish run Math-5 with 0
Math-5 ended in 2754.645084619522s
gen Math-7 using core 1
[241216] Finish run Math-2 with 0
Math-2 ended in 5294.812486410141s
gen Math-8 using core 2
[241727] Finish run Math-4 with 0
Math-4 ended in 4966.963929891586s
gen Math-9 using core 0
[244152] Finish run Math-7 with 0
Math-7 ended in 4241.504187107086s
gen Math-10 using core 1
[244804] Finish run Math-6 with 0
Math-6 ended in 6457.2036690711975s
gen Math-11 using core 3
[246702] Finish run Math-8 with 0
Math-8 ended in 5486.132730007172s
gen Math-12 using core 2
[247770] Finish run Math-9 with 0
Math-9 ended in 6043.894032001495s
gen Math-13 using core 0
[248750] Finish run Math-11 with 0
Math-11 ended in 3946.003149032593s
gen Math-14 using core 3
[251223] Finish run Math-13 with 0
Math-13 ended in 3452.23077750206s
gen Math-15 using core 0
[251702] Finish run Math-12 with 0
Math-12 ended in 4999.840536355972s
gen Math-16 using core 2
[252317] Finish run Math-10 with 0
Math-10 ended in 8164.816112041473s
gen Math-17 using core 1
[254172] Finish run Math-14 with 0
Math-14 ended in 5422.815239429474s
gen Math-18 using core 3
[256453] Finish run Math-15 with 0
Math-15 ended in 5230.723806142807s
gen Math-19 using core 0
[257304] Finish run Math-16 with 0
Math-16 ended in 5602.563013076782s
gen Math-20 using core 2
[259685] Finish run Math-17 with 0
Math-17 ended in 7368.356376647949s
gen Math-21 using core 1
[260213] Finish run Math-18 with 0
Math-18 ended in 6040.400192022324s
gen Math-22 using core 3
[262503] Finish run Math-19 with 0
Math-19 ended in 6049.778492689133s
gen Math-23 using core 0
[262934] Finish run Math-20 with 0
Math-20 ended in 5629.397516489029s
gen Math-24 using core 2
[264644] Finish run Math-21 with 0
Math-21 ended in 4958.831671714783s
gen Math-25 using core 1
[265031] Finish run Math-22 with 0
Math-22 ended in 4817.815323114395s
gen Math-26 using core 3
[265843] Finish run Math-23 with 0
Math-23 ended in 3339.353364467621s
gen Math-27 using core 0
[266600] Finish run Math-24 with 0
Math-24 ended in 3666.6289615631104s
gen Math-28 using core 2
[267878] Finish run Math-25 with 0
Math-25 ended in 3233.5796439647675s
gen Math-29 using core 1
[268335] Finish run Math-26 with 0
Math-26 ended in 3304.312882423401s
gen Math-30 using core 3
[269968] Finish run Math-28 with 0
Math-28 ended in 3367.6926436424255s
gen Math-31 using core 2
[271642] Finish run Math-29 with 0
Math-29 ended in 3764.1790540218353s
gen Math-32 using core 1
[272279] Finish run Math-27 with 0
Math-27 ended in 6436.576388597488s
gen Math-33 using core 0
[272847] Finish run Math-31 with 0
Math-31 ended in 2879.219518661499s
gen Math-34 using core 2
[273919] Finish run Math-30 with 0
Math-30 ended in 5583.605120897293s
gen Math-35 using core 3
[275239] Finish run Math-35 with 0
Math-35 ended in 1320.015662431717s
gen Math-36 using core 3
[275758] Finish run Math-34 with 0
Math-34 ended in 2910.7525169849396s
gen Math-37 using core 2
[277247] Finish run Math-33 with 0
Math-33 ended in 4967.902081251144s
gen Math-38 using core 0
[277603] Finish run Math-32 with 0
Math-32 ended in 5960.841317892075s
gen Math-39 using core 1
[280448] Finish run Math-36 with 0
Math-36 ended in 5209.6172869205475s
gen Math-40 using core 3
[282735] Finish run Math-37 with 0
Math-37 ended in 6976.820903539658s
gen Math-41 using core 2
[282914] Finish run Math-39 with 0
Math-39 ended in 5311.248152971268s
gen Math-42 using core 1
[283508] Finish run Math-40 with 0
Math-40 ended in 3059.9728503227234s
gen Math-43 using core 3
[285590] Finish run Math-38 with 0
Math-38 ended in 8343.195774555206s
gen Math-44 using core 0
[287326] Finish run Math-41 with 0
Math-41 ended in 4591.235281467438s
gen Math-45 using core 2
[288168] Finish run Math-45 with 0
Math-45 ended in 842.3067617416382s
gen Math-46 using core 2
[288192] Finish run Math-42 with 0
Math-42 ended in 5278.157364606857s
gen Math-47 using core 1
[289056] Finish run Math-43 with 0
Math-43 ended in 5547.384078264236s
gen Math-48 using core 3
[290403] Finish run Math-44 with 0
Math-44 ended in 4812.179612874985s
gen Math-49 using core 0
[292358] Finish run Math-48 with 0
Math-48 ended in 3302.4436841011047s
gen Math-50 using core 3
[294051] Finish run Math-46 with 0
Math-46 ended in 5882.479918241501s
gen Math-51 using core 2
[294573] Finish run Math-49 with 0
Math-49 ended in 4170.191682100296s
gen Math-52 using core 0
[295283] Finish run Math-47 with 0
Math-47 ended in 7091.151127815247s
gen Math-53 using core 1
[296572] Finish run Math-50 with 0
Math-50 ended in 4213.894725799561s
gen Math-54 using core 3
[297279] Finish run Math-51 with 0
Math-51 ended in 3228.005844593048s
gen Math-55 using core 2
[297525] Finish run Math-53 with 0
Math-53 ended in 2241.9432244300842s
gen Math-56 using core 1
[300289] Finish run Math-56 with 0
Math-56 ended in 2764.183645248413s
gen Math-57 using core 1
[301068] Finish run Math-52 with 0
Math-52 ended in 6494.80933880806s
gen Math-58 using core 0
[301946] Finish run Math-55 with 0
Math-55 ended in 4666.6036784648895s
gen Math-59 using core 2
[303476] Finish run Math-54 with 0
Math-54 ended in 6904.024093866348s
gen Math-60 using core 3
[305727] Finish run Math-58 with 0
Math-58 ended in 4659.841645240784s
gen Math-61 using core 0
[307068] Finish run Math-57 with 0
Math-57 ended in 6778.481719255447s
gen Math-62 using core 1
[307138] Finish run Math-59 with 0
Math-59 ended in 5192.313905239105s
gen Math-63 using core 2
[308269] Finish run Math-60 with 0
Math-60 ended in 4793.33216714859s
gen Math-64 using core 3
[308867] Finish run Math-63 with 0
Math-63 ended in 1729.0875113010406s
gen Math-65 using core 2
[310129] Finish run Math-61 with 0
Math-61 ended in 4401.617552518845s
gen Math-66 using core 0
[313714] Finish run Math-66 with 0
Math-66 ended in 3585.294587612152s
gen Math-67 using core 0
[313844] Finish run Math-65 with 0
Math-65 ended in 4977.232117176056s
gen Math-68 using core 2
[313870] Finish run Math-64 with 0
Math-64 ended in 5600.2403128147125s
gen Math-69 using core 3
[316481] Finish run Math-62 with 0
Math-62 ended in 9413.222399950027s
gen Math-70 using core 1
[316718] Finish run Math-67 with 0
Math-67 ended in 3003.594547510147s
gen Math-71 using core 0
[317595] Finish run Math-69 with 0
Math-69 ended in 3725.4706013202667s
gen Math-72 using core 3
[318362] Finish run Math-70 with 0
Math-70 ended in 1880.5354585647583s
gen Math-73 using core 1
[319132] Finish run Math-68 with 0
Math-68 ended in 5287.820245981216s
gen Math-74 using core 2
[320154] Finish run Math-71 with 0
Math-71 ended in 3435.892981529236s
gen Math-75 using core 0
[320750] Finish run Math-72 with 0
Math-72 ended in 3155.198186159134s
gen Math-76 using core 3
[321711] Finish run Math-73 with 0
Math-73 ended in 3349.0424723625183s
gen Math-77 using core 1
[323560] Finish run Math-74 with 0
Math-74 ended in 4428.084299564362s
gen Math-78 using core 2
[324470] Finish run Math-76 with 0
Math-76 ended in 3720.082620382309s
gen Math-79 using core 3
[324487] Finish run Math-75 with 0
Math-75 ended in 4333.313327074051s
gen Math-80 using core 0
[325335] Finish run Math-77 with 0
Math-77 ended in 3624.0849964618683s
gen Math-81 using core 1
[326770] Finish run Math-78 with 0
Math-78 ended in 3209.421702861786s
gen Math-82 using core 2
[328449] Finish run Math-79 with 0
Math-79 ended in 3979.0580716133118s
gen Math-83 using core 3
[330981] Finish run Math-80 with 0
Math-80 ended in 6493.275786399841s
gen Math-84 using core 0
[330987] Finish run Math-82 with 0
Math-82 ended in 4217.245341062546s
gen Math-85 using core 2
[332353] Finish run Math-81 with 0
Math-81 ended in 7018.720455169678s
gen Math-86 using core 1
[333380] Finish run Math-83 with 0
Math-83 ended in 4930.390489816666s
gen Math-87 using core 3
[334264] Finish run Math-84 with 0
Math-84 ended in 3283.1850225925446s
gen Math-88 using core 0
[334347] Finish run Math-85 with 0
Math-85 ended in 3360.619513988495s
gen Math-89 using core 2
[334633] Finish run Math-89 with 0
Math-89 ended in 285.7288885116577s
gen Math-90 using core 2
[335232] Finish run Math-90 with 0
Math-90 ended in 598.3740775585175s
gen Math-91 using core 2
[337517] Finish run Math-87 with 0
Math-87 ended in 4136.744775295258s
gen Math-92 using core 3
[339122] Finish run Math-88 with 0
Math-88 ended in 4858.147835016251s
gen Math-93 using core 0
[339137] Finish run Math-86 with 0
Math-86 ended in 6783.668790102005s
gen Math-94 using core 1
[339914] Finish run Math-91 with 0
Math-91 ended in 4681.967785835266s
gen Math-95 using core 2
[340444] Finish run Math-93 with 0
Math-93 ended in 1322.2529141902924s
gen Math-96 using core 0
[341027] Finish run Math-92 with 0
Math-92 ended in 3509.9832813739777s
gen Math-97 using core 3
[341351] Finish run Math-94 with 0
Math-94 ended in 2213.3633482456207s
gen Math-98 using core 1
[343100] Finish run Math-95 with 0
Math-95 ended in 3186.6049585342407s
gen Math-99 using core 2
[343537] Finish run Math-97 with 0
Math-97 ended in 2510.0186812877655s
gen Math-100 using core 3
[343602] Finish run Math-96 with 0
Math-96 ended in 3157.4092316627502s
gen Math-101 using core 0
[346614] Finish run Math-98 with 0
Math-98 ended in 5263.626657009125s
gen Math-102 using core 1
[346637] Finish run Math-99 with 0
Math-99 ended in 3537.146090745926s
gen Math-103 using core 2
[346748] Finish run Math-101 with 0
Math-101 ended in 3146.202648639679s
gen Math-104 using core 0
[348025] Finish run Math-100 with 0
Math-100 ended in 4488.530511140823s
gen Math-105 using core 3
[349875] Finish run Math-103 with 0
Math-103 ended in 3237.8799574375153s
gen Math-106 using core 2
[350003] Finish run Math-105 with 0
Math-105 ended in 1977.8353717327118s
gen Mockito-1 using core 3
[351580] Finish run Math-102 with 0
Math-102 ended in 4965.635719299316s
gen Mockito-2 using core 1
[351673] Finish run Math-104 with 0
Math-104 ended in 4925.198795557022s
gen Mockito-3 using core 0
[353537] Finish run Math-106 with 0
Math-106 ended in 3661.342729330063s
gen Mockito-4 using core 2
[354562] Finish run Mockito-1 with 0
Mockito-1 ended in 4558.929035425186s
gen Mockito-5 using core 3
[355692] Finish run Mockito-2 with 0
Mockito-2 ended in 4112.6519277095795s
gen Mockito-6 using core 1
[356438] Finish run Mockito-3 with 0
Mockito-3 ended in 4765.100282669067s
gen Mockito-7 using core 0
[357094] Finish run Mockito-4 with 0
Mockito-4 ended in 3557.2139394283295s
gen Mockito-8 using core 2
[358524] Finish run Mockito-5 with 0
Mockito-5 ended in 3962.401572227478s
gen Mockito-9 using core 3
[358563] Finish run Mockito-9 with 1
Mockito-9 ended in 38.890204429626465s
gen Mockito-10 using core 3
[358602] Finish run Mockito-10 with 1
Mockito-10 ended in 38.68409490585327s
gen Mockito-11 using core 3
[358640] Finish run Mockito-11 with 1
Mockito-11 ended in 38.30472683906555s
gen Mockito-12 using core 3
[360194] Finish run Mockito-7 with 0
Mockito-7 ended in 3755.4607639312744s
gen Mockito-13 using core 0
[360204] Finish run Mockito-6 with 0
Mockito-6 ended in 4511.222015619278s
gen Mockito-14 using core 1
[361132] Finish run Mockito-8 with 0
Mockito-8 ended in 4038.6129322052s
gen Mockito-15 using core 2
[361700] Finish run Mockito-12 with 0
Mockito-12 ended in 3059.380644798279s
gen Mockito-16 using core 3
[363654] Finish run Mockito-14 with 0
Mockito-14 ended in 3450.5912024974823s
gen Mockito-17 using core 1
[363956] Finish run Mockito-13 with 0
Mockito-13 ended in 3762.451556444168s
gen Mockito-18 using core 0
[364326] Finish run Mockito-15 with 0
Mockito-15 ended in 3193.2011580467224s
gen Mockito-19 using core 2
[364840] Finish run Mockito-16 with 0
Mockito-16 ended in 3140.428859949112s
gen Mockito-20 using core 3
[367739] Finish run Mockito-18 with 0
Mockito-18 ended in 3783.242927789688s
gen Mockito-21 using core 0
[367778] Finish run Mockito-21 with 1
Mockito-21 ended in 38.7231171131134s
gen Mockito-22 using core 0
[367851] Finish run Mockito-17 with 0
Mockito-17 ended in 4197.137871265411s
gen Mockito-23 using core 1
[368123] Finish run Mockito-19 with 0
Mockito-19 ended in 3797.5970978736877s
gen Mockito-24 using core 2
[368553] Finish run Mockito-20 with 0
Mockito-20 ended in 3712.632492542267s
gen Mockito-25 using core 3
[371124] Finish run Mockito-23 with 0
Mockito-23 ended in 3272.925833463669s
gen Mockito-26 using core 1
[371755] Finish run Mockito-22 with 0
Mockito-22 ended in 3976.5636308193207s
gen Mockito-27 using core 0
[372114] Finish run Mockito-25 with 0
Mockito-25 ended in 3561.6108129024506s
gen Mockito-28 using core 3
[372226] Finish run Mockito-24 with 0
Mockito-24 ended in 4102.275525093079s
gen Mockito-29 using core 2
[374563] Finish run Mockito-26 with 0
Mockito-26 ended in 3438.2659633159637s
gen Mockito-30 using core 1
[375060] Finish run Mockito-28 with 0
Mockito-28 ended in 2945.9856231212616s
gen Mockito-31 using core 3
[375158] Finish run Mockito-27 with 0
Mockito-27 ended in 3403.47452545166s
gen Mockito-32 using core 0
[375862] Finish run Mockito-29 with 0
Mockito-29 ended in 3636.5437445640564s
gen Mockito-33 using core 2
[377770] Finish run Mockito-30 with 0
Mockito-30 ended in 3207.339821577072s
gen Mockito-34 using core 1
[378850] Finish run Mockito-31 with 0
Mockito-31 ended in 3789.478226184845s
gen Mockito-35 using core 3
[379499] Finish run Mockito-32 with 0
Mockito-32 ended in 4341.016542434692s
gen Mockito-36 using core 0
[379729] Finish run Mockito-33 with 0
Mockito-33 ended in 3867.177175760269s
gen Mockito-37 using core 2
[381609] Finish run Mockito-35 with 0
Mockito-35 ended in 2759.278712272644s
gen Mockito-38 using core 3
[382615] Finish run Mockito-34 with 0
Mockito-34 ended in 4845.0641746521s
gen Time-1 using core 1
[382906] Finish run Mockito-36 with 0
Mockito-36 ended in 3407.306927919388s
gen Time-2 using core 0
[383433] Finish run Mockito-37 with 0
Mockito-37 ended in 3703.2436966896057s
gen Time-3 using core 2
[384989] Finish run Mockito-38 with 0
Mockito-38 ended in 3379.4706637859344s
gen Time-4 using core 3
[386190] Finish run Time-1 with 0
Time-1 ended in 3574.7027456760406s
gen Time-5 using core 1
[387548] Finish run Time-3 with 0
Time-3 ended in 4115.56162405014s
gen Time-6 using core 2
[387901] Finish run Time-2 with 0
Time-2 ended in 4994.335396051407s
gen Time-7 using core 0
[389756] Finish run Time-4 with 0
Time-4 ended in 4767.005327701569s
gen Time-8 using core 3
[391230] Finish run Time-5 with 0
Time-5 ended in 5040.0572283267975s
gen Time-9 using core 1
[391464] Finish run Time-7 with 0
Time-7 ended in 3562.7104499340057s
gen Time-10 using core 0
[393445] Finish run Time-6 with 0
Time-6 ended in 5896.7079565525055s
gen Time-11 using core 2
[393696] Finish run Time-8 with 0
Time-8 ended in 3940.601361989975s
gen Time-12 using core 3
[394738] Finish run Time-10 with 0
Time-10 ended in 3274.2079288959503s
gen Time-13 using core 0
[395281] Finish run Time-9 with 0
Time-9 ended in 4051.0341749191284s
gen Time-14 using core 1
[398492] Finish run Time-12 with 0
Time-12 ended in 4795.504234313965s
gen Time-15 using core 3
[398769] Finish run Time-11 with 0
Time-11 ended in 5324.305612564087s
gen Time-16 using core 2
[398881] Finish run Time-15 with 0
Time-15 ended in 389.4309868812561s
gen Time-17 using core 3
[399948] Finish run Time-14 with 0
Time-14 ended in 4667.548670291901s
gen Time-18 using core 1
[401389] Finish run Time-13 with 0
Time-13 ended in 6651.618596315384s
gen Time-19 using core 0
[402340] Finish run Time-16 with 0
Time-16 ended in 3570.441210269928s
gen Time-20 using core 2
[403558] Finish run Time-17 with 0
Time-17 ended in 4676.769891738892s
gen Time-21 using core 3
[404827] Finish run Time-19 with 0
Time-19 ended in 3437.822867155075s
gen Time-22 using core 0
[405463] Finish run Time-18 with 0
Time-18 ended in 5514.211263179779s
gen Time-23 using core 1
[406382] Finish run Time-20 with 0
Time-20 ended in 4042.434555053711s
gen Time-24 using core 2
[409116] Finish run Time-21 with 0
Time-21 ended in 5558.431406021118s
gen Time-25 using core 3
[409154] Finish run Time-22 with 0
Time-22 ended in 4327.255185365677s
gen Time-26 using core 0
[410930] Finish run Time-24 with 0
Time-24 ended in 4547.692442655563s
gen Time-27 using core 2
[411037] Finish run Time-23 with 0
Time-23 ended in 5574.053494691849s
[413490] Finish run Time-25 with 0
Time-25 ended in 4373.3030462265015s
[414211] Finish run Time-26 with 0
Time-26 ended in 5056.088313817978s
[415418] Finish run Time-27 with 0
Time-27 ended in 4488.353681564331s